<?xml version="1.0" encoding="UTF-8"?>
<testng-results ignored="2" total="4" passed="2" failed="0" skipped="0">
  <reporter-output>
  </reporter-output>
  <suite started-at="2024-06-30T18:06:10 IST" name="Suite" finished-at="2024-06-30T18:06:41 IST" duration-ms="30447">
    <groups>
      <group name="cucumber">
        <method signature="AbstractTestNGCucumberTests.runScenario(cucumber.api.testng.PickleEventWrapper,cucumber.api.testng.CucumberFeatureWrapper)[pri:0, instance:com.leaftaps.testcases.TC001_VerifyLogin@6f53b8a]" name="runScenario" class="cucumber.api.testng.AbstractTestNGCucumberTests"/>
        <method signature="AbstractTestNGCucumberTests.runScenario(cucumber.api.testng.PickleEventWrapper,cucumber.api.testng.CucumberFeatureWrapper)[pri:0, instance:com.leaftaps.testcases.TC003_CreateLead@70cf32e3]" name="runScenario" class="cucumber.api.testng.AbstractTestNGCucumberTests"/>
      </group> <!-- cucumber -->
    </groups>
    <test started-at="2024-06-30T18:06:10 IST" name="Test" finished-at="2024-06-30T18:06:41 IST" duration-ms="30447">
      <class name="com.leaftaps.testcases.TC001_VerifyLogin">
        <test-method is-config="true" signature="setValues()[pri:0, instance:com.leaftaps.testcases.TC001_VerifyLogin@6f53b8a]" started-at="2024-06-30T18:06:10 IST" name="setValues" finished-at="2024-06-30T18:06:10 IST" duration-ms="0" status="PASS">
          <reporter-output>
          </reporter-output>
        </test-method> <!-- setValues -->
        <test-method is-config="true" signature="setUpClass()[pri:0, instance:com.leaftaps.testcases.TC001_VerifyLogin@6f53b8a]" started-at="2024-06-30T18:06:33 IST" name="setUpClass" finished-at="2024-06-30T18:06:33 IST" duration-ms="3" status="PASS">
          <reporter-output>
          </reporter-output>
        </test-method> <!-- setUpClass -->
        <test-method is-config="true" signature="startTestCase()[pri:0, instance:com.leaftaps.testcases.TC001_VerifyLogin@6f53b8a]" started-at="2024-06-30T18:06:33 IST" name="startTestCase" finished-at="2024-06-30T18:06:33 IST" duration-ms="0" status="PASS">
          <reporter-output>
          </reporter-output>
        </test-method> <!-- startTestCase -->
        <test-method is-config="true" signature="preCondition()[pri:0, instance:com.leaftaps.testcases.TC001_VerifyLogin@6f53b8a]" started-at="2024-06-30T18:06:33 IST" name="preCondition" finished-at="2024-06-30T18:06:38 IST" duration-ms="5038" status="PASS">
          <reporter-output>
          </reporter-output>
        </test-method> <!-- preCondition -->
        <test-method signature="runLogin(java.lang.String,java.lang.String)[pri:0, instance:com.leaftaps.testcases.TC001_VerifyLogin@6f53b8a]" started-at="2024-06-30T18:06:38 IST" name="runLogin" data-provider="fetchData" finished-at="2024-06-30T18:06:40 IST" duration-ms="2117" status="PASS">
          <params>
            <param index="0">
              <value>
                <![CDATA[Demosalesmanager]]>
              </value>
            </param>
            <param index="1">
              <value>
                <![CDATA[crmsfa]]>
              </value>
            </param>
          </params>
          <reporter-output>
          </reporter-output>
        </test-method> <!-- runLogin -->
        <test-method is-config="true" signature="postCondition()[pri:0, instance:com.leaftaps.testcases.TC001_VerifyLogin@6f53b8a]" started-at="2024-06-30T18:06:40 IST" name="postCondition" finished-at="2024-06-30T18:06:41 IST" duration-ms="150" status="PASS">
          <reporter-output>
          </reporter-output>
        </test-method> <!-- postCondition -->
        <test-method is-config="true" signature="tearDownClass()[pri:0, instance:com.leaftaps.testcases.TC001_VerifyLogin@6f53b8a]" started-at="2024-06-30T18:06:41 IST" name="tearDownClass" finished-at="2024-06-30T18:06:41 IST" duration-ms="0" status="PASS">
          <reporter-output>
          </reporter-output>
        </test-method> <!-- tearDownClass -->
      </class> <!-- com.leaftaps.testcases.TC001_VerifyLogin -->
      <class name="com.leaftaps.testcases.TC003_CreateLead">
        <test-method is-config="true" signature="startReport()[pri:0, instance:com.leaftaps.testcases.TC003_CreateLead@70cf32e3]" started-at="2024-06-30T18:06:10 IST" name="startReport" finished-at="2024-06-30T18:06:10 IST" duration-ms="202" status="PASS">
          <reporter-output>
          </reporter-output>
        </test-method> <!-- startReport -->
        <test-method is-config="true" signature="setValues()[pri:0, instance:com.leaftaps.testcases.TC003_CreateLead@70cf32e3]" started-at="2024-06-30T18:06:10 IST" name="setValues" finished-at="2024-06-30T18:06:10 IST" duration-ms="1" status="PASS">
          <reporter-output>
          </reporter-output>
        </test-method> <!-- setValues -->
        <test-method is-config="true" signature="setUpClass()[pri:0, instance:com.leaftaps.testcases.TC003_CreateLead@70cf32e3]" started-at="2024-06-30T18:06:10 IST" name="setUpClass" finished-at="2024-06-30T18:06:10 IST" duration-ms="115" status="PASS">
          <reporter-output>
          </reporter-output>
        </test-method> <!-- setUpClass -->
        <test-method is-config="true" signature="startTestCase()[pri:0, instance:com.leaftaps.testcases.TC003_CreateLead@70cf32e3]" started-at="2024-06-30T18:06:10 IST" name="startTestCase" finished-at="2024-06-30T18:06:10 IST" duration-ms="5" status="PASS">
          <reporter-output>
          </reporter-output>
        </test-method> <!-- startTestCase -->
        <test-method is-config="true" signature="preCondition()[pri:0, instance:com.leaftaps.testcases.TC003_CreateLead@70cf32e3]" started-at="2024-06-30T18:06:11 IST" name="preCondition" finished-at="2024-06-30T18:06:20 IST" duration-ms="8859" status="PASS">
          <reporter-output>
          </reporter-output>
        </test-method> <!-- preCondition -->
        <test-method signature="runLogin(java.lang.String,java.lang.String,java.lang.String,java.lang.String,java.lang.String)[pri:0, instance:com.leaftaps.testcases.TC003_CreateLead@70cf32e3]" started-at="2024-06-30T18:06:20 IST" name="runLogin" data-provider="fetchData" finished-at="2024-06-30T18:06:33 IST" duration-ms="13122" status="PASS">
          <params>
            <param index="0">
              <value>
                <![CDATA[Demosalesmanager]]>
              </value>
            </param>
            <param index="1">
              <value>
                <![CDATA[crmsfa]]>
              </value>
            </param>
            <param index="2">
              <value>
                <![CDATA[Testleaf]]>
              </value>
            </param>
            <param index="3">
              <value>
                <![CDATA[Babu]]>
              </value>
            </param>
            <param index="4">
              <value>
                <![CDATA[M]]>
              </value>
            </param>
          </params>
          <reporter-output>
          </reporter-output>
        </test-method> <!-- runLogin -->
        <test-method is-config="true" signature="postCondition()[pri:0, instance:com.leaftaps.testcases.TC003_CreateLead@70cf32e3]" started-at="2024-06-30T18:06:33 IST" name="postCondition" finished-at="2024-06-30T18:06:33 IST" duration-ms="198" status="PASS">
          <reporter-output>
          </reporter-output>
        </test-method> <!-- postCondition -->
        <test-method is-config="true" signature="tearDownClass()[pri:0, instance:com.leaftaps.testcases.TC003_CreateLead@70cf32e3]" started-at="2024-06-30T18:06:33 IST" name="tearDownClass" finished-at="2024-06-30T18:06:33 IST" duration-ms="0" status="PASS">
          <reporter-output>
          </reporter-output>
        </test-method> <!-- tearDownClass -->
        <test-method is-config="true" signature="endResult()[pri:0, instance:com.leaftaps.testcases.TC003_CreateLead@70cf32e3]" started-at="2024-06-30T18:06:41 IST" name="endResult" finished-at="2024-06-30T18:06:41 IST" duration-ms="781" status="PASS">
          <reporter-output>
          </reporter-output>
        </test-method> <!-- endResult -->
      </class> <!-- com.leaftaps.testcases.TC003_CreateLead -->
    </test> <!-- Test -->
  </suite> <!-- Suite -->
</testng-results>
